{"C:\\Users\\HP\\OneDrive\\Dokumenter\\КПІ\\Курсова 5 семестр\\Online cinema aggregator\\middleware\\auth-middleware.js": {"path":"C:\\Users\\HP\\OneDrive\\Dokumenter\\КПІ\\Курсова 5 семестр\\Online cinema aggregator\\middleware\\auth-middleware.js","statementMap":{"0":{"start":{"line":1,"column":0},"end":{"line":6,"column":2}},"1":{"start":{"line":2,"column":4},"end":{"line":4,"column":5}},"2":{"start":{"line":3,"column":8},"end":{"line":3,"column":22}},"3":{"start":{"line":5,"column":4},"end":{"line":5,"column":22}},"4":{"start":{"line":8,"column":0},"end":{"line":14,"column":2}},"5":{"start":{"line":9,"column":4},"end":{"line":11,"column":5}},"6":{"start":{"line":10,"column":8},"end":{"line":10,"column":22}},"7":{"start":{"line":13,"column":4},"end":{"line":13,"column":46}}},"fnMap":{"0":{"name":"(anonymous_0)","decl":{"start":{"line":1,"column":26},"end":{"line":1,"column":27}},"loc":{"start":{"line":1,"column":46},"end":{"line":6,"column":1}},"line":1},"1":{"name":"(anonymous_1)","decl":{"start":{"line":8,"column":18},"end":{"line":8,"column":19}},"loc":{"start":{"line":8,"column":38},"end":{"line":14,"column":1}},"line":8}},"branchMap":{"0":{"loc":{"start":{"line":2,"column":4},"end":{"line":4,"column":5}},"type":"if","locations":[{"start":{"line":2,"column":4},"end":{"line":4,"column":5}},{"start":{},"end":{}}],"line":2},"1":{"loc":{"start":{"line":2,"column":8},"end":{"line":2,"column":39}},"type":"binary-expr","locations":[{"start":{"line":2,"column":8},"end":{"line":2,"column":19}},{"start":{"line":2,"column":23},"end":{"line":2,"column":39}}],"line":2},"2":{"loc":{"start":{"line":9,"column":4},"end":{"line":11,"column":5}},"type":"if","locations":[{"start":{"line":9,"column":4},"end":{"line":11,"column":5}},{"start":{},"end":{}}],"line":9},"3":{"loc":{"start":{"line":9,"column":8},"end":{"line":9,"column":61}},"type":"binary-expr","locations":[{"start":{"line":9,"column":8},"end":{"line":9,"column":24}},{"start":{"line":9,"column":28},"end":{"line":9,"column":61}}],"line":9}},"s":{"0":1,"1":2,"2":1,"3":1,"4":1,"5":3,"6":1,"7":2},"f":{"0":2,"1":3},"b":{"0":[1,1],"1":[2,2],"2":[1,2],"3":[3,2]},"_coverageSchema":"1a1c01bbd47fc00a2c39e90264f33305004495a9","hash":"123f4489d51129c96a25f3e3b83da0cd1fd9d205"}
,"C:\\Users\\HP\\OneDrive\\Dokumenter\\КПІ\\Курсова 5 семестр\\Online cinema aggregator\\services\\logic.js": {"path":"C:\\Users\\HP\\OneDrive\\Dokumenter\\КПІ\\Курсова 5 семестр\\Online cinema aggregator\\services\\logic.js","statementMap":{"0":{"start":{"line":4,"column":0},"end":{"line":17,"column":2}},"1":{"start":{"line":5,"column":4},"end":{"line":5,"column":50}},"2":{"start":{"line":5,"column":40},"end":{"line":5,"column":50}},"3":{"start":{"line":6,"column":23},"end":{"line":6,"column":32}},"4":{"start":{"line":7,"column":4},"end":{"line":15,"column":7}},"5":{"start":{"line":8,"column":8},"end":{"line":14,"column":9}},"6":{"start":{"line":9,"column":30},"end":{"line":9,"column":44}},"7":{"start":{"line":10,"column":12},"end":{"line":13,"column":15}},"8":{"start":{"line":11,"column":32},"end":{"line":11,"column":46}},"9":{"start":{"line":12,"column":16},"end":{"line":12,"column":53}},"10":{"start":{"line":12,"column":29},"end":{"line":12,"column":53}},"11":{"start":{"line":16,"column":4},"end":{"line":16,"column":41}},"12":{"start":{"line":23,"column":0},"end":{"line":45,"column":2}},"13":{"start":{"line":24,"column":4},"end":{"line":26,"column":5}},"14":{"start":{"line":25,"column":8},"end":{"line":25,"column":37}},"15":{"start":{"line":28,"column":20},"end":{"line":35,"column":31}},"16":{"start":{"line":30,"column":12},"end":{"line":30,"column":50}},"17":{"start":{"line":30,"column":41},"end":{"line":30,"column":50}},"18":{"start":{"line":32,"column":26},"end":{"line":32,"column":45}},"19":{"start":{"line":33,"column":12},"end":{"line":33,"column":54}},"20":{"start":{"line":35,"column":23},"end":{"line":35,"column":30}},"21":{"start":{"line":37,"column":4},"end":{"line":39,"column":5}},"22":{"start":{"line":38,"column":8},"end":{"line":38,"column":37}},"23":{"start":{"line":41,"column":4},"end":{"line":44,"column":6}},"24":{"start":{"line":51,"column":0},"end":{"line":54,"column":2}},"25":{"start":{"line":52,"column":16},"end":{"line":52,"column":36}},"26":{"start":{"line":53,"column":4},"end":{"line":53,"column":59}},"27":{"start":{"line":60,"column":0},"end":{"line":65,"column":2}},"28":{"start":{"line":61,"column":4},"end":{"line":61,"column":32}},"29":{"start":{"line":61,"column":19},"end":{"line":61,"column":32}},"30":{"start":{"line":63,"column":18},"end":{"line":63,"column":80}},"31":{"start":{"line":64,"column":4},"end":{"line":64,"column":32}},"32":{"start":{"line":71,"column":0},"end":{"line":82,"column":2}},"33":{"start":{"line":72,"column":4},"end":{"line":72,"column":27}},"34":{"start":{"line":72,"column":14},"end":{"line":72,"column":27}},"35":{"start":{"line":73,"column":17},"end":{"line":73,"column":30}},"36":{"start":{"line":74,"column":20},"end":{"line":74,"column":42}},"37":{"start":{"line":75,"column":18},"end":{"line":75,"column":28}},"38":{"start":{"line":76,"column":4},"end":{"line":76,"column":36}},"39":{"start":{"line":79,"column":4},"end":{"line":79,"column":44}},"40":{"start":{"line":79,"column":31},"end":{"line":79,"column":44}},"41":{"start":{"line":81,"column":4},"end":{"line":81,"column":44}},"42":{"start":{"line":87,"column":0},"end":{"line":89,"column":2}},"43":{"start":{"line":88,"column":4},"end":{"line":88,"column":44}},"44":{"start":{"line":94,"column":0},"end":{"line":96,"column":2}},"45":{"start":{"line":95,"column":4},"end":{"line":95,"column":21}},"46":{"start":{"line":102,"column":0},"end":{"line":126,"column":2}},"47":{"start":{"line":103,"column":4},"end":{"line":103,"column":66}},"48":{"start":{"line":103,"column":53},"end":{"line":103,"column":66}},"49":{"start":{"line":105,"column":23},"end":{"line":105,"column":53}},"50":{"start":{"line":108,"column":4},"end":{"line":110,"column":5}},"51":{"start":{"line":109,"column":8},"end":{"line":109,"column":21}},"52":{"start":{"line":114,"column":31},"end":{"line":114,"column":75}},"53":{"start":{"line":115,"column":4},"end":{"line":117,"column":5}},"54":{"start":{"line":116,"column":8},"end":{"line":116,"column":21}},"55":{"start":{"line":120,"column":25},"end":{"line":120,"column":52}},"56":{"start":{"line":121,"column":4},"end":{"line":123,"column":5}},"57":{"start":{"line":122,"column":8},"end":{"line":122,"column":21}},"58":{"start":{"line":125,"column":4},"end":{"line":125,"column":16}}},"fnMap":{"0":{"name":"(anonymous_0)","decl":{"start":{"line":4,"column":27},"end":{"line":4,"column":28}},"loc":{"start":{"line":4,"column":47},"end":{"line":17,"column":1}},"line":4},"1":{"name":"(anonymous_1)","decl":{"start":{"line":7,"column":27},"end":{"line":7,"column":28}},"loc":{"start":{"line":7,"column":34},"end":{"line":15,"column":5}},"line":7},"2":{"name":"(anonymous_2)","decl":{"start":{"line":10,"column":30},"end":{"line":10,"column":31}},"loc":{"start":{"line":10,"column":41},"end":{"line":13,"column":13}},"line":10},"3":{"name":"(anonymous_3)","decl":{"start":{"line":23,"column":34},"end":{"line":23,"column":35}},"loc":{"start":{"line":23,"column":55},"end":{"line":45,"column":1}},"line":23},"4":{"name":"(anonymous_4)","decl":{"start":{"line":29,"column":13},"end":{"line":29,"column":14}},"loc":{"start":{"line":29,"column":20},"end":{"line":34,"column":9}},"line":29},"5":{"name":"(anonymous_5)","decl":{"start":{"line":35,"column":16},"end":{"line":35,"column":17}},"loc":{"start":{"line":35,"column":23},"end":{"line":35,"column":30}},"line":35},"6":{"name":"(anonymous_6)","decl":{"start":{"line":51,"column":28},"end":{"line":51,"column":29}},"loc":{"start":{"line":51,"column":40},"end":{"line":54,"column":1}},"line":51},"7":{"name":"(anonymous_7)","decl":{"start":{"line":60,"column":26},"end":{"line":60,"column":27}},"loc":{"start":{"line":60,"column":40},"end":{"line":65,"column":1}},"line":60},"8":{"name":"(anonymous_8)","decl":{"start":{"line":71,"column":21},"end":{"line":71,"column":22}},"loc":{"start":{"line":71,"column":30},"end":{"line":82,"column":1}},"line":71},"9":{"name":"(anonymous_9)","decl":{"start":{"line":87,"column":24},"end":{"line":87,"column":25}},"loc":{"start":{"line":87,"column":36},"end":{"line":89,"column":1}},"line":87},"10":{"name":"(anonymous_10)","decl":{"start":{"line":94,"column":27},"end":{"line":94,"column":28}},"loc":{"start":{"line":94,"column":39},"end":{"line":96,"column":1}},"line":94},"11":{"name":"(anonymous_11)","decl":{"start":{"line":102,"column":29},"end":{"line":102,"column":30}},"loc":{"start":{"line":102,"column":44},"end":{"line":126,"column":1}},"line":102}},"branchMap":{"0":{"loc":{"start":{"line":5,"column":4},"end":{"line":5,"column":50}},"type":"if","locations":[{"start":{"line":5,"column":4},"end":{"line":5,"column":50}},{"start":{},"end":{}}],"line":5},"1":{"loc":{"start":{"line":8,"column":8},"end":{"line":14,"column":9}},"type":"if","locations":[{"start":{"line":8,"column":8},"end":{"line":14,"column":9}},{"start":{},"end":{}}],"line":8},"2":{"loc":{"start":{"line":12,"column":16},"end":{"line":12,"column":53}},"type":"if","locations":[{"start":{"line":12,"column":16},"end":{"line":12,"column":53}},{"start":{},"end":{}}],"line":12},"3":{"loc":{"start":{"line":24,"column":4},"end":{"line":26,"column":5}},"type":"if","locations":[{"start":{"line":24,"column":4},"end":{"line":26,"column":5}},{"start":{},"end":{}}],"line":24},"4":{"loc":{"start":{"line":24,"column":8},"end":{"line":24,"column":71}},"type":"binary-expr","locations":[{"start":{"line":24,"column":8},"end":{"line":24,"column":39}},{"start":{"line":24,"column":43},"end":{"line":24,"column":71}}],"line":24},"5":{"loc":{"start":{"line":30,"column":12},"end":{"line":30,"column":50}},"type":"if","locations":[{"start":{"line":30,"column":12},"end":{"line":30,"column":50}},{"start":{},"end":{}}],"line":30},"6":{"loc":{"start":{"line":33,"column":19},"end":{"line":33,"column":53}},"type":"cond-expr","locations":[{"start":{"line":33,"column":27},"end":{"line":33,"column":49}},{"start":{"line":33,"column":52},"end":{"line":33,"column":53}}],"line":33},"7":{"loc":{"start":{"line":37,"column":4},"end":{"line":39,"column":5}},"type":"if","locations":[{"start":{"line":37,"column":4},"end":{"line":39,"column":5}},{"start":{},"end":{}}],"line":37},"8":{"loc":{"start":{"line":53,"column":11},"end":{"line":53,"column":58}},"type":"binary-expr","locations":[{"start":{"line":53,"column":11},"end":{"line":53,"column":22}},{"start":{"line":53,"column":26},"end":{"line":53,"column":58}}],"line":53},"9":{"loc":{"start":{"line":61,"column":4},"end":{"line":61,"column":32}},"type":"if","locations":[{"start":{"line":61,"column":4},"end":{"line":61,"column":32}},{"start":{},"end":{}}],"line":61},"10":{"loc":{"start":{"line":72,"column":4},"end":{"line":72,"column":27}},"type":"if","locations":[{"start":{"line":72,"column":4},"end":{"line":72,"column":27}},{"start":{},"end":{}}],"line":72},"11":{"loc":{"start":{"line":79,"column":4},"end":{"line":79,"column":44}},"type":"if","locations":[{"start":{"line":79,"column":4},"end":{"line":79,"column":44}},{"start":{},"end":{}}],"line":79},"12":{"loc":{"start":{"line":81,"column":11},"end":{"line":81,"column":43}},"type":"binary-expr","locations":[{"start":{"line":81,"column":11},"end":{"line":81,"column":26}},{"start":{"line":81,"column":30},"end":{"line":81,"column":43}}],"line":81},"13":{"loc":{"start":{"line":103,"column":4},"end":{"line":103,"column":66}},"type":"if","locations":[{"start":{"line":103,"column":4},"end":{"line":103,"column":66}},{"start":{},"end":{}}],"line":103},"14":{"loc":{"start":{"line":103,"column":8},"end":{"line":103,"column":51}},"type":"binary-expr","locations":[{"start":{"line":103,"column":8},"end":{"line":103,"column":18}},{"start":{"line":103,"column":22},"end":{"line":103,"column":51}}],"line":103},"15":{"loc":{"start":{"line":108,"column":4},"end":{"line":110,"column":5}},"type":"if","locations":[{"start":{"line":108,"column":4},"end":{"line":110,"column":5}},{"start":{},"end":{}}],"line":108},"16":{"loc":{"start":{"line":115,"column":4},"end":{"line":117,"column":5}},"type":"if","locations":[{"start":{"line":115,"column":4},"end":{"line":117,"column":5}},{"start":{},"end":{}}],"line":115},"17":{"loc":{"start":{"line":121,"column":4},"end":{"line":123,"column":5}},"type":"if","locations":[{"start":{"line":121,"column":4},"end":{"line":123,"column":5}},{"start":{},"end":{}}],"line":121}},"s":{"0":1,"1":3,"2":1,"3":2,"4":2,"5":4,"6":4,"7":4,"8":5,"9":5,"10":4,"11":2,"12":1,"13":3,"14":1,"15":2,"16":6,"17":0,"18":6,"19":6,"20":6,"21":2,"22":1,"23":1,"24":1,"25":7,"26":7,"27":1,"28":7,"29":1,"30":6,"31":6,"32":1,"33":6,"34":1,"35":5,"36":5,"37":5,"38":5,"39":5,"40":1,"41":4,"42":1,"43":6,"44":1,"45":2,"46":1,"47":14,"48":2,"49":12,"50":12,"51":3,"52":9,"53":9,"54":2,"55":7,"56":7,"57":2,"58":5},"f":{"0":3,"1":4,"2":5,"3":3,"4":6,"5":6,"6":7,"7":7,"8":6,"9":6,"10":2,"11":14},"b":{"0":[1,2],"1":[4,0],"2":[4,1],"3":[1,2],"4":[3,3],"5":[0,6],"6":[3,3],"7":[1,1],"8":[7,5],"9":[1,6],"10":[1,5],"11":[1,4],"12":[4,3],"13":[2,12],"14":[14,12],"15":[3,9],"16":[2,7],"17":[2,5]},"_coverageSchema":"1a1c01bbd47fc00a2c39e90264f33305004495a9","hash":"9f632a5948b30039d6f1a9b49bce1eb71d40100a"}
}
