{"C:\\Users\\HP\\OneDrive\\Dokumenter\\КПІ\\Курсова 5 семестр\\Online cinema aggregator\\middleware\\auth-middleware.js": {"path":"C:\\Users\\HP\\OneDrive\\Dokumenter\\КПІ\\Курсова 5 семестр\\Online cinema aggregator\\middleware\\auth-middleware.js","statementMap":{"0":{"start":{"line":1,"column":0},"end":{"line":6,"column":2}},"1":{"start":{"line":2,"column":4},"end":{"line":4,"column":5}},"2":{"start":{"line":3,"column":8},"end":{"line":3,"column":22}},"3":{"start":{"line":5,"column":4},"end":{"line":5,"column":22}},"4":{"start":{"line":8,"column":0},"end":{"line":14,"column":2}},"5":{"start":{"line":9,"column":4},"end":{"line":11,"column":5}},"6":{"start":{"line":10,"column":8},"end":{"line":10,"column":22}},"7":{"start":{"line":13,"column":4},"end":{"line":13,"column":46}}},"fnMap":{"0":{"name":"(anonymous_0)","decl":{"start":{"line":1,"column":26},"end":{"line":1,"column":27}},"loc":{"start":{"line":1,"column":46},"end":{"line":6,"column":1}},"line":1},"1":{"name":"(anonymous_1)","decl":{"start":{"line":8,"column":18},"end":{"line":8,"column":19}},"loc":{"start":{"line":8,"column":38},"end":{"line":14,"column":1}},"line":8}},"branchMap":{"0":{"loc":{"start":{"line":2,"column":4},"end":{"line":4,"column":5}},"type":"if","locations":[{"start":{"line":2,"column":4},"end":{"line":4,"column":5}},{"start":{},"end":{}}],"line":2},"1":{"loc":{"start":{"line":2,"column":8},"end":{"line":2,"column":39}},"type":"binary-expr","locations":[{"start":{"line":2,"column":8},"end":{"line":2,"column":19}},{"start":{"line":2,"column":23},"end":{"line":2,"column":39}}],"line":2},"2":{"loc":{"start":{"line":9,"column":4},"end":{"line":11,"column":5}},"type":"if","locations":[{"start":{"line":9,"column":4},"end":{"line":11,"column":5}},{"start":{},"end":{}}],"line":9},"3":{"loc":{"start":{"line":9,"column":8},"end":{"line":9,"column":61}},"type":"binary-expr","locations":[{"start":{"line":9,"column":8},"end":{"line":9,"column":24}},{"start":{"line":9,"column":28},"end":{"line":9,"column":61}}],"line":9}},"s":{"0":1,"1":2,"2":1,"3":1,"4":1,"5":3,"6":1,"7":2},"f":{"0":2,"1":3},"b":{"0":[1,1],"1":[2,2],"2":[1,2],"3":[3,2]},"_coverageSchema":"1a1c01bbd47fc00a2c39e90264f33305004495a9","hash":"123f4489d51129c96a25f3e3b83da0cd1fd9d205"}
,"C:\\Users\\HP\\OneDrive\\Dokumenter\\КПІ\\Курсова 5 семестр\\Online cinema aggregator\\utils\\logic.js": {"path":"C:\\Users\\HP\\OneDrive\\Dokumenter\\КПІ\\Курсова 5 семестр\\Online cinema aggregator\\utils\\logic.js","statementMap":{"0":{"start":{"line":4,"column":0},"end":{"line":17,"column":2}},"1":{"start":{"line":5,"column":4},"end":{"line":5,"column":50}},"2":{"start":{"line":5,"column":40},"end":{"line":5,"column":50}},"3":{"start":{"line":6,"column":23},"end":{"line":6,"column":32}},"4":{"start":{"line":7,"column":4},"end":{"line":15,"column":7}},"5":{"start":{"line":8,"column":8},"end":{"line":14,"column":9}},"6":{"start":{"line":9,"column":30},"end":{"line":9,"column":44}},"7":{"start":{"line":10,"column":12},"end":{"line":13,"column":15}},"8":{"start":{"line":11,"column":32},"end":{"line":11,"column":46}},"9":{"start":{"line":12,"column":16},"end":{"line":12,"column":53}},"10":{"start":{"line":12,"column":29},"end":{"line":12,"column":53}},"11":{"start":{"line":16,"column":4},"end":{"line":16,"column":41}},"12":{"start":{"line":23,"column":0},"end":{"line":45,"column":2}},"13":{"start":{"line":24,"column":4},"end":{"line":26,"column":5}},"14":{"start":{"line":25,"column":8},"end":{"line":25,"column":37}},"15":{"start":{"line":28,"column":20},"end":{"line":35,"column":31}},"16":{"start":{"line":30,"column":12},"end":{"line":30,"column":50}},"17":{"start":{"line":30,"column":41},"end":{"line":30,"column":50}},"18":{"start":{"line":32,"column":26},"end":{"line":32,"column":45}},"19":{"start":{"line":33,"column":12},"end":{"line":33,"column":54}},"20":{"start":{"line":35,"column":23},"end":{"line":35,"column":30}},"21":{"start":{"line":37,"column":4},"end":{"line":39,"column":5}},"22":{"start":{"line":38,"column":8},"end":{"line":38,"column":37}},"23":{"start":{"line":41,"column":4},"end":{"line":44,"column":6}},"24":{"start":{"line":51,"column":0},"end":{"line":55,"column":2}},"25":{"start":{"line":52,"column":16},"end":{"line":52,"column":36}},"26":{"start":{"line":54,"column":4},"end":{"line":54,"column":59}},"27":{"start":{"line":61,"column":0},"end":{"line":66,"column":2}},"28":{"start":{"line":62,"column":4},"end":{"line":62,"column":32}},"29":{"start":{"line":62,"column":19},"end":{"line":62,"column":32}},"30":{"start":{"line":64,"column":18},"end":{"line":64,"column":78}},"31":{"start":{"line":65,"column":4},"end":{"line":65,"column":32}},"32":{"start":{"line":72,"column":0},"end":{"line":83,"column":2}},"33":{"start":{"line":73,"column":4},"end":{"line":73,"column":27}},"34":{"start":{"line":73,"column":14},"end":{"line":73,"column":27}},"35":{"start":{"line":74,"column":17},"end":{"line":74,"column":30}},"36":{"start":{"line":75,"column":20},"end":{"line":75,"column":42}},"37":{"start":{"line":76,"column":18},"end":{"line":76,"column":28}},"38":{"start":{"line":77,"column":4},"end":{"line":77,"column":36}},"39":{"start":{"line":80,"column":4},"end":{"line":80,"column":44}},"40":{"start":{"line":80,"column":31},"end":{"line":80,"column":44}},"41":{"start":{"line":82,"column":4},"end":{"line":82,"column":44}},"42":{"start":{"line":88,"column":0},"end":{"line":90,"column":2}},"43":{"start":{"line":89,"column":4},"end":{"line":89,"column":44}},"44":{"start":{"line":95,"column":0},"end":{"line":97,"column":2}},"45":{"start":{"line":96,"column":4},"end":{"line":96,"column":21}}},"fnMap":{"0":{"name":"(anonymous_0)","decl":{"start":{"line":4,"column":27},"end":{"line":4,"column":28}},"loc":{"start":{"line":4,"column":47},"end":{"line":17,"column":1}},"line":4},"1":{"name":"(anonymous_1)","decl":{"start":{"line":7,"column":27},"end":{"line":7,"column":28}},"loc":{"start":{"line":7,"column":34},"end":{"line":15,"column":5}},"line":7},"2":{"name":"(anonymous_2)","decl":{"start":{"line":10,"column":30},"end":{"line":10,"column":31}},"loc":{"start":{"line":10,"column":41},"end":{"line":13,"column":13}},"line":10},"3":{"name":"(anonymous_3)","decl":{"start":{"line":23,"column":34},"end":{"line":23,"column":35}},"loc":{"start":{"line":23,"column":55},"end":{"line":45,"column":1}},"line":23},"4":{"name":"(anonymous_4)","decl":{"start":{"line":29,"column":13},"end":{"line":29,"column":14}},"loc":{"start":{"line":29,"column":20},"end":{"line":34,"column":9}},"line":29},"5":{"name":"(anonymous_5)","decl":{"start":{"line":35,"column":16},"end":{"line":35,"column":17}},"loc":{"start":{"line":35,"column":23},"end":{"line":35,"column":30}},"line":35},"6":{"name":"(anonymous_6)","decl":{"start":{"line":51,"column":28},"end":{"line":51,"column":29}},"loc":{"start":{"line":51,"column":40},"end":{"line":55,"column":1}},"line":51},"7":{"name":"(anonymous_7)","decl":{"start":{"line":61,"column":26},"end":{"line":61,"column":27}},"loc":{"start":{"line":61,"column":40},"end":{"line":66,"column":1}},"line":61},"8":{"name":"(anonymous_8)","decl":{"start":{"line":72,"column":21},"end":{"line":72,"column":22}},"loc":{"start":{"line":72,"column":30},"end":{"line":83,"column":1}},"line":72},"9":{"name":"(anonymous_9)","decl":{"start":{"line":88,"column":24},"end":{"line":88,"column":25}},"loc":{"start":{"line":88,"column":36},"end":{"line":90,"column":1}},"line":88},"10":{"name":"(anonymous_10)","decl":{"start":{"line":95,"column":27},"end":{"line":95,"column":28}},"loc":{"start":{"line":95,"column":39},"end":{"line":97,"column":1}},"line":95}},"branchMap":{"0":{"loc":{"start":{"line":5,"column":4},"end":{"line":5,"column":50}},"type":"if","locations":[{"start":{"line":5,"column":4},"end":{"line":5,"column":50}},{"start":{},"end":{}}],"line":5},"1":{"loc":{"start":{"line":8,"column":8},"end":{"line":14,"column":9}},"type":"if","locations":[{"start":{"line":8,"column":8},"end":{"line":14,"column":9}},{"start":{},"end":{}}],"line":8},"2":{"loc":{"start":{"line":12,"column":16},"end":{"line":12,"column":53}},"type":"if","locations":[{"start":{"line":12,"column":16},"end":{"line":12,"column":53}},{"start":{},"end":{}}],"line":12},"3":{"loc":{"start":{"line":24,"column":4},"end":{"line":26,"column":5}},"type":"if","locations":[{"start":{"line":24,"column":4},"end":{"line":26,"column":5}},{"start":{},"end":{}}],"line":24},"4":{"loc":{"start":{"line":24,"column":8},"end":{"line":24,"column":71}},"type":"binary-expr","locations":[{"start":{"line":24,"column":8},"end":{"line":24,"column":39}},{"start":{"line":24,"column":43},"end":{"line":24,"column":71}}],"line":24},"5":{"loc":{"start":{"line":30,"column":12},"end":{"line":30,"column":50}},"type":"if","locations":[{"start":{"line":30,"column":12},"end":{"line":30,"column":50}},{"start":{},"end":{}}],"line":30},"6":{"loc":{"start":{"line":33,"column":19},"end":{"line":33,"column":53}},"type":"cond-expr","locations":[{"start":{"line":33,"column":27},"end":{"line":33,"column":49}},{"start":{"line":33,"column":52},"end":{"line":33,"column":53}}],"line":33},"7":{"loc":{"start":{"line":37,"column":4},"end":{"line":39,"column":5}},"type":"if","locations":[{"start":{"line":37,"column":4},"end":{"line":39,"column":5}},{"start":{},"end":{}}],"line":37},"8":{"loc":{"start":{"line":54,"column":11},"end":{"line":54,"column":58}},"type":"binary-expr","locations":[{"start":{"line":54,"column":11},"end":{"line":54,"column":22}},{"start":{"line":54,"column":26},"end":{"line":54,"column":58}}],"line":54},"9":{"loc":{"start":{"line":62,"column":4},"end":{"line":62,"column":32}},"type":"if","locations":[{"start":{"line":62,"column":4},"end":{"line":62,"column":32}},{"start":{},"end":{}}],"line":62},"10":{"loc":{"start":{"line":73,"column":4},"end":{"line":73,"column":27}},"type":"if","locations":[{"start":{"line":73,"column":4},"end":{"line":73,"column":27}},{"start":{},"end":{}}],"line":73},"11":{"loc":{"start":{"line":80,"column":4},"end":{"line":80,"column":44}},"type":"if","locations":[{"start":{"line":80,"column":4},"end":{"line":80,"column":44}},{"start":{},"end":{}}],"line":80},"12":{"loc":{"start":{"line":82,"column":11},"end":{"line":82,"column":43}},"type":"binary-expr","locations":[{"start":{"line":82,"column":11},"end":{"line":82,"column":26}},{"start":{"line":82,"column":30},"end":{"line":82,"column":43}}],"line":82}},"s":{"0":1,"1":3,"2":1,"3":2,"4":2,"5":4,"6":4,"7":4,"8":5,"9":5,"10":4,"11":2,"12":1,"13":3,"14":1,"15":2,"16":6,"17":0,"18":6,"19":6,"20":6,"21":2,"22":1,"23":1,"24":1,"25":7,"26":7,"27":1,"28":7,"29":1,"30":6,"31":6,"32":1,"33":6,"34":1,"35":5,"36":5,"37":5,"38":5,"39":5,"40":1,"41":4,"42":1,"43":6,"44":1,"45":2},"f":{"0":3,"1":4,"2":5,"3":3,"4":6,"5":6,"6":7,"7":7,"8":6,"9":6,"10":2},"b":{"0":[1,2],"1":[4,0],"2":[4,1],"3":[1,2],"4":[3,3],"5":[0,6],"6":[3,3],"7":[1,1],"8":[7,5],"9":[1,6],"10":[1,5],"11":[1,4],"12":[4,3]},"_coverageSchema":"1a1c01bbd47fc00a2c39e90264f33305004495a9","hash":"f0472d17f792bffa897b54875ba97f94285c7647"}
}
