TN:
SF:middleware\auth-middleware.js
FN:1,(anonymous_0)
FN:8,(anonymous_1)
FNF:2
FNH:2
FNDA:2,(anonymous_0)
FNDA:3,(anonymous_1)
DA:1,1
DA:2,2
DA:3,1
DA:5,1
DA:8,1
DA:9,3
DA:10,1
DA:13,2
LF:8
LH:8
BRDA:2,0,0,1
BRDA:2,0,1,1
BRDA:2,1,0,2
BRDA:2,1,1,2
BRDA:9,2,0,1
BRDA:9,2,1,2
BRDA:9,3,0,3
BRDA:9,3,1,2
BRF:8
BRH:8
end_of_record
TN:
SF:utils\logic.js
FN:4,(anonymous_0)
FN:7,(anonymous_1)
FN:10,(anonymous_2)
FN:23,(anonymous_3)
FN:29,(anonymous_4)
FN:35,(anonymous_5)
FN:51,(anonymous_6)
FN:61,(anonymous_7)
FN:72,(anonymous_8)
FN:88,(anonymous_9)
FN:95,(anonymous_10)
FNF:11
FNH:11
FNDA:3,(anonymous_0)
FNDA:4,(anonymous_1)
FNDA:5,(anonymous_2)
FNDA:3,(anonymous_3)
FNDA:6,(anonymous_4)
FNDA:6,(anonymous_5)
FNDA:7,(anonymous_6)
FNDA:7,(anonymous_7)
FNDA:6,(anonymous_8)
FNDA:6,(anonymous_9)
FNDA:2,(anonymous_10)
DA:4,1
DA:5,3
DA:6,2
DA:7,2
DA:8,4
DA:9,4
DA:10,4
DA:11,5
DA:12,5
DA:16,2
DA:23,1
DA:24,3
DA:25,1
DA:28,2
DA:30,6
DA:32,6
DA:33,6
DA:35,6
DA:37,2
DA:38,1
DA:41,1
DA:51,1
DA:52,7
DA:54,7
DA:61,1
DA:62,7
DA:64,6
DA:65,6
DA:72,1
DA:73,6
DA:74,5
DA:75,5
DA:76,5
DA:77,5
DA:80,5
DA:82,4
DA:88,1
DA:89,6
DA:95,1
DA:96,2
LF:40
LH:40
BRDA:5,0,0,1
BRDA:5,0,1,2
BRDA:8,1,0,4
BRDA:8,1,1,0
BRDA:12,2,0,4
BRDA:12,2,1,1
BRDA:24,3,0,1
BRDA:24,3,1,2
BRDA:24,4,0,3
BRDA:24,4,1,3
BRDA:30,5,0,0
BRDA:30,5,1,6
BRDA:33,6,0,3
BRDA:33,6,1,3
BRDA:37,7,0,1
BRDA:37,7,1,1
BRDA:54,8,0,7
BRDA:54,8,1,5
BRDA:62,9,0,1
BRDA:62,9,1,6
BRDA:73,10,0,1
BRDA:73,10,1,5
BRDA:80,11,0,1
BRDA:80,11,1,4
BRDA:82,12,0,4
BRDA:82,12,1,3
BRF:26
BRH:24
end_of_record
