TN:
SF:middleware\auth-middleware.js
FN:1,(anonymous_0)
FN:8,(anonymous_1)
FNF:2
FNH:2
FNDA:2,(anonymous_0)
FNDA:3,(anonymous_1)
DA:1,1
DA:2,2
DA:3,1
DA:5,1
DA:8,1
DA:9,3
DA:10,1
DA:13,2
LF:8
LH:8
BRDA:2,0,0,1
BRDA:2,0,1,1
BRDA:2,1,0,2
BRDA:2,1,1,2
BRDA:9,2,0,1
BRDA:9,2,1,2
BRDA:9,3,0,3
BRDA:9,3,1,2
BRF:8
BRH:8
end_of_record
TN:
SF:services\logic.js
FN:4,(anonymous_0)
FN:7,(anonymous_1)
FN:10,(anonymous_2)
FN:23,(anonymous_3)
FN:29,(anonymous_4)
FN:35,(anonymous_5)
FN:51,(anonymous_6)
FN:60,(anonymous_7)
FN:71,(anonymous_8)
FN:87,(anonymous_9)
FN:94,(anonymous_10)
FN:102,(anonymous_11)
FNF:12
FNH:12
FNDA:3,(anonymous_0)
FNDA:4,(anonymous_1)
FNDA:5,(anonymous_2)
FNDA:3,(anonymous_3)
FNDA:6,(anonymous_4)
FNDA:6,(anonymous_5)
FNDA:7,(anonymous_6)
FNDA:7,(anonymous_7)
FNDA:6,(anonymous_8)
FNDA:6,(anonymous_9)
FNDA:2,(anonymous_10)
FNDA:14,(anonymous_11)
DA:4,1
DA:5,3
DA:6,2
DA:7,2
DA:8,4
DA:9,4
DA:10,4
DA:11,5
DA:12,5
DA:16,2
DA:23,1
DA:24,3
DA:25,1
DA:28,2
DA:30,6
DA:32,6
DA:33,6
DA:35,6
DA:37,2
DA:38,1
DA:41,1
DA:51,1
DA:52,7
DA:53,7
DA:60,1
DA:61,7
DA:63,6
DA:64,6
DA:71,1
DA:72,6
DA:73,5
DA:74,5
DA:75,5
DA:76,5
DA:79,5
DA:81,4
DA:87,1
DA:88,6
DA:94,1
DA:95,2
DA:102,1
DA:103,14
DA:105,12
DA:108,12
DA:109,3
DA:114,9
DA:115,9
DA:116,2
DA:120,7
DA:121,7
DA:122,2
DA:125,5
LF:52
LH:52
BRDA:5,0,0,1
BRDA:5,0,1,2
BRDA:8,1,0,4
BRDA:8,1,1,0
BRDA:12,2,0,4
BRDA:12,2,1,1
BRDA:24,3,0,1
BRDA:24,3,1,2
BRDA:24,4,0,3
BRDA:24,4,1,3
BRDA:30,5,0,0
BRDA:30,5,1,6
BRDA:33,6,0,3
BRDA:33,6,1,3
BRDA:37,7,0,1
BRDA:37,7,1,1
BRDA:53,8,0,7
BRDA:53,8,1,5
BRDA:61,9,0,1
BRDA:61,9,1,6
BRDA:72,10,0,1
BRDA:72,10,1,5
BRDA:79,11,0,1
BRDA:79,11,1,4
BRDA:81,12,0,4
BRDA:81,12,1,3
BRDA:103,13,0,2
BRDA:103,13,1,12
BRDA:103,14,0,14
BRDA:103,14,1,12
BRDA:108,15,0,3
BRDA:108,15,1,9
BRDA:115,16,0,2
BRDA:115,16,1,7
BRDA:121,17,0,2
BRDA:121,17,1,5
BRF:36
BRH:34
end_of_record
